2026-03-28 18:56:24,070 INFO: Starting PiPhotobooth | midi=auto | fullscreen=True
2026-03-28 18:56:24,076 INFO: Payment unlock server listening on http://127.0.0.1:8080/unlock
2026-03-28 18:56:24,077 WARNING: Picamera2 failed: No module named 'picamera2'
2026-03-28 18:56:24,084 INFO: MIDI connected: Arduino Leonardo:Arduino Leonardo MIDI 1 24:0
[ WARN:0@0.007] global cap_v4l.cpp:914 open VIDEOIO(V4L2:/dev/video0): can't open camera by index
[ WARN:0@0.007] global cap.cpp:478 open VIDEOIO(V4L2): backend is generally available but can't be used to capture by index
[ WARN:0@0.007] global cap_v4l.cpp:914 open VIDEOIO(V4L2:/dev/video1): can't open camera by index
[ WARN:0@0.007] global cap.cpp:478 open VIDEOIO(V4L2): backend is generally available but can't be used to capture by index
[ WARN:0@0.007] global cap_v4l.cpp:914 open VIDEOIO(V4L2:/dev/video2): can't open camera by index
[ WARN:0@0.007] global cap.cpp:478 open VIDEOIO(V4L2): backend is generally available but can't be used to capture by index
[ WARN:0@0.007] global cap_v4l.cpp:914 open VIDEOIO(V4L2:/dev/video3): can't open camera by index
[ WARN:0@0.007] global cap.cpp:478 open VIDEOIO(V4L2): backend is generally available but can't be used to capture by index
[ WARN:0@0.007] global cap_v4l.cpp:914 open VIDEOIO(V4L2:/dev/video4): can't open camera by index
[ WARN:0@0.007] global cap.cpp:478 open VIDEOIO(V4L2): backend is generally available but can't be used to capture by index
2026-03-28 18:56:24,100 INFO: Camera: MOCK mode (placeholder frames)
2026-03-28 18:56:24,111 INFO: Idle music started: tvstore.wav
2026-03-28 18:56:24,123 INFO: Display driver: dummy | camera: mock
2026-03-28 18:56:28,764 INFO: Payment received — credits now: 1
2026-03-28 18:56:28,771 INFO: Headless trigger received via HTTP
2026-03-28 18:56:31,942 INFO: STATUS: Capture failed
2026-03-28 18:56:32,343 WARNING: Picamera2 failed: No module named 'picamera2'
[ WARN:0@8.250] global cap_v4l.cpp:914 open VIDEOIO(V4L2:/dev/video0): can't open camera by index
[ WARN:0@8.250] global cap.cpp:478 open VIDEOIO(V4L2): backend is generally available but can't be used to capture by index
[ WARN:0@8.250] global cap_v4l.cpp:914 open VIDEOIO(V4L2:/dev/video1): can't open camera by index
[ WARN:0@8.250] global cap.cpp:478 open VIDEOIO(V4L2): backend is generally available but can't be used to capture by index
[ WARN:0@8.250] global cap_v4l.cpp:914 open VIDEOIO(V4L2:/dev/video2): can't open camera by index
[ WARN:0@8.250] global cap.cpp:478 open VIDEOIO(V4L2): backend is generally available but can't be used to capture by index
[ WARN:0@8.250] global cap_v4l.cpp:914 open VIDEOIO(V4L2:/dev/video3): can't open camera by index
[ WARN:0@8.250] global cap.cpp:478 open VIDEOIO(V4L2): backend is generally available but can't be used to capture by index
[ WARN:0@8.250] global cap_v4l.cpp:914 open VIDEOIO(V4L2:/dev/video4): can't open camera by index
[ WARN:0@8.250] global cap.cpp:478 open VIDEOIO(V4L2): backend is generally available but can't be used to capture by index
2026-03-28 18:56:32,343 INFO: Camera: MOCK mode (placeholder frames)
